<?xml version="1.0" encoding="UTF-8"?>
<!-- Generated by org.testng.reporters.JUnitXMLReporter -->
<testsuite hostname="shailesh" ignored="0" name="Command line test" tests="2" failures="1" timestamp="14 Feb 2018 12:03:41 GMT" time="82.819" errors="0">
  <testcase name="f" time="27.492" classname="example.NewTest"/>
  <testcase name="ft" time="7.488" classname="example.NewTest">
    <failure type="java.lang.AssertionError" message="expected [Google1] but found [Google]">
      <![CDATA[java.lang.AssertionError: expected [Google1] but found [Google]at example.NewTest.ft(NewTest.java:44)... Removed 40 stack frames]]>
    </failure>
  </testcase> <!-- ft -->
</testsuite> <!-- Command line test -->
