<?xml version="1.0" encoding="UTF-8"?>
<testng-results skipped="0" failed="0" ignored="0" total="2" passed="2">
  <reporter-output>
  </reporter-output>
  <suite name="Suite" duration-ms="68589" started-at="2018-02-14T14:04:32Z" finished-at="2018-02-14T14:05:40Z">
    <groups>
    </groups>
    <test name="Test" duration-ms="68589" started-at="2018-02-14T14:04:32Z" finished-at="2018-02-14T14:05:40Z">
      <class name="example.NewTest">
        <test-method status="PASS" signature="beforeTest()[pri:0, instance:example.NewTest@6fb554cc]" name="beforeTest" is-config="true" duration-ms="37332" started-at="2018-02-14T19:34:32Z" finished-at="2018-02-14T19:35:09Z">
          <reporter-output>
          </reporter-output>
        </test-method> <!-- beforeTest -->
        <test-method status="PASS" signature="f()[pri:0, instance:example.NewTest@6fb554cc]" name="f" duration-ms="26738" started-at="2018-02-14T19:35:09Z" finished-at="2018-02-14T19:35:36Z">
          <reporter-output>
          </reporter-output>
        </test-method> <!-- f -->
        <test-method status="PASS" signature="ft()[pri:0, instance:example.NewTest@6fb554cc]" name="ft" duration-ms="2357" started-at="2018-02-14T19:35:36Z" finished-at="2018-02-14T19:35:38Z">
          <reporter-output>
          </reporter-output>
        </test-method> <!-- ft -->
        <test-method status="PASS" signature="afterTest()[pri:0, instance:example.NewTest@6fb554cc]" name="afterTest" is-config="true" duration-ms="1967" started-at="2018-02-14T19:35:38Z" finished-at="2018-02-14T19:35:40Z">
          <reporter-output>
          </reporter-output>
        </test-method> <!-- afterTest -->
      </class> <!-- example.NewTest -->
    </test> <!-- Test -->
  </suite> <!-- Suite -->
</testng-results>
