<?xml version="1.0" encoding="UTF-8" ?>
<testsuite tests="2" failures="1" name="example.NewTest" time="35.036" errors="0" skipped="0">
  <properties>
[...]
</properties>
  <testcase classname="example.NewTest" name="f" time="27.5"/>
  <testcase classname="example.NewTest" name="ft" time="7.536">
    <failure message="expected [Google1] but found [Google]" type="java.lang.AssertionError">java.lang.AssertionError: expected [Google1] but found [Google]
	at org.testng.Assert.fail(Assert.java:96)
	at org.testng.Assert.failNotEquals(Assert.java:776)
	at org.testng.Assert.assertEqualsImpl(Assert.java:137)
	at org.testng.Assert.assertEquals(Assert.java:118)
	at org.testng.Assert.assertEquals(Assert.java:453)
	at org.testng.Assert.assertEquals(Assert.java:463)
	at example.NewTest.ft(NewTest.java:44)
</failure>
    <system-out>02-14-2018 17:33:31 RequestAddCookies.java DEBUG [Forwarding get on session 349e30d04f7145aaeec1f879658d962b to remote] protocol.RequestAddCookies 123 - CookieSpec selected: default
02-14-2018 17:33:31 RequestAuthCache.java DEBUG [Forwarding get on session 349e30d04f7145aaeec1f879658d962b to remote] protocol.RequestAuthCache 77 - Auth cache not set in the context
02-14-2018 17:33:31 PoolingHttpClientConnectionManager.java DEBUG [Forwarding get on session 349e30d04f7145aaeec1f879658d962b to remote] conn.PoolingHttpClientConnectionManager 255 - Connection request: [route: {}-&gt;http://localhost:48816][total kept alive: 0; route allocated: 0 of 2000; total allocated: 0 of 2000]
02-14-2018 17:33:31 PoolingHttpClientConnectionManager.java DEBUG [Forwarding get on session 349e30d04f7145aaeec1f879658d962b to remote] conn.PoolingHttpClientConnectionManager 288 - Connection leased: [id: 3][route: {}-&gt;http://localhost:48816][total kept alive: 0; route allocated: 1 of 2000; total allocated: 1 of 2000]
02-14-2018 17:33:31 MainClientExec.java DEBUG [Forwarding get on session 349e30d04f7145aaeec1f879658d962b to remote] execchain.MainClientExec 235 - Opening connection {}-&gt;http://localhost:48816
02-14-2018 17:33:31 DefaultHttpClientConnectionOperator.java DEBUG [Forwarding get on session 349e30d04f7145aaeec1f879658d962b to remote] conn.DefaultHttpClientConnectionOperator 139 - Connecting to localhost/127.0.0.1:48816
02-14-2018 17:33:31 DefaultHttpClientConnectionOperator.java DEBUG [Forwarding get on session 349e30d04f7145aaeec1f879658d962b to remote] conn.DefaultHttpClientConnectionOperator 146 - Connection established 127.0.0.1:5994&lt;-&gt;127.0.0.1:48816
02-14-2018 17:33:31 LoggingManagedHttpClientConnection.java DEBUG [Forwarding get on session 349e30d04f7145aaeec1f879658d962b to remote] conn.DefaultManagedHttpClientConnection 88 - http-outgoing-3: set socket timeout to 10800000
02-14-2018 17:33:31 MainClientExec.java DEBUG [Forwarding get on session 349e30d04f7145aaeec1f879658d962b to remote] execchain.MainClientExec 256 - Executing request POST /session/349e30d04f7145aaeec1f879658d962b/url HTTP/1.1
02-14-2018 17:33:31 MainClientExec.java DEBUG [Forwarding get on session 349e30d04f7145aaeec1f879658d962b to remote] execchain.MainClientExec 261 - Target auth state: UNCHALLENGED
02-14-2018 17:33:31 MainClientExec.java DEBUG [Forwarding get on session 349e30d04f7145aaeec1f879658d962b to remote] execchain.MainClientExec 267 - Proxy auth state: UNCHALLENGED
02-14-2018 17:33:31 LoggingManagedHttpClientConnection.java DEBUG [Forwarding get on session 349e30d04f7145aaeec1f879658d962b to remote] http.headers 133 - http-outgoing-3 &gt;&gt; POST /session/349e30d04f7145aaeec1f879658d962b/url HTTP/1.1
02-14-2018 17:33:31 LoggingManagedHttpClientConnection.java DEBUG [Forwarding get on session 349e30d04f7145aaeec1f879658d962b to remote] http.headers 136 - http-outgoing-3 &gt;&gt; Content-Type: application/json; charset=utf-8
02-14-2018 17:33:31 LoggingManagedHttpClientConnection.java DEBUG [Forwarding get on session 349e30d04f7145aaeec1f879658d962b to remote] http.headers 136 - http-outgoing-3 &gt;&gt; Content-Length: 28
02-14-2018 17:33:31 LoggingManagedHttpClientConnection.java DEBUG [Forwarding get on session 349e30d04f7145aaeec1f879658d962b to remote] http.headers 136 - http-outgoing-3 &gt;&gt; Host: localhost:48816
02-14-2018 17:33:31 LoggingManagedHttpClientConnection.java DEBUG [Forwarding get on session 349e30d04f7145aaeec1f879658d962b to remote] http.headers 136 - http-outgoing-3 &gt;&gt; Connection: Keep-Alive
02-14-2018 17:33:31 LoggingManagedHttpClientConnection.java DEBUG [Forwarding get on session 349e30d04f7145aaeec1f879658d962b to remote] http.headers 136 - http-outgoing-3 &gt;&gt; User-Agent: Apache-HttpClient/4.5.3 (Java/1.8.0_111)
02-14-2018 17:33:31 LoggingManagedHttpClientConnection.java DEBUG [Forwarding get on session 349e30d04f7145aaeec1f879658d962b to remote] http.headers 136 - http-outgoing-3 &gt;&gt; Accept-Encoding: gzip,deflate
02-14-2018 17:33:31 Wire.java DEBUG [Forwarding get on session 349e30d04f7145aaeec1f879658d962b to remote] http.wire 73 - http-outgoing-3 &gt;&gt; &quot;POST /session/349e30d04f7145aaeec1f879658d962b/url HTTP/1.1[\r][\n]&quot;
02-14-2018 17:33:31 Wire.java DEBUG [Forwarding get on session 349e30d04f7145aaeec1f879658d962b to remote] http.wire 73 - http-outgoing-3 &gt;&gt; &quot;Content-Type: application/json; charset=utf-8[\r][\n]&quot;
02-14-2018 17:33:31 Wire.java DEBUG [Forwarding get on session 349e30d04f7145aaeec1f879658d962b to remote] http.wire 73 - http-outgoing-3 &gt;&gt; &quot;Content-Length: 28[\r][\n]&quot;
02-14-2018 17:33:31 Wire.java DEBUG [Forwarding get on session 349e30d04f7145aaeec1f879658d962b to remote] http.wire 73 - http-outgoing-3 &gt;&gt; &quot;Host: localhost:48816[\r][\n]&quot;
02-14-2018 17:33:31 Wire.java DEBUG [Forwarding get on session 349e30d04f7145aaeec1f879658d962b to remote] http.wire 73 - http-outgoing-3 &gt;&gt; &quot;Connection: Keep-Alive[\r][\n]&quot;
02-14-2018 17:33:31 Wire.java DEBUG [Forwarding get on session 349e30d04f7145aaeec1f879658d962b to remote] http.wire 73 - http-outgoing-3 &gt;&gt; &quot;User-Agent: Apache-HttpClient/4.5.3 (Java/1.8.0_111)[\r][\n]&quot;
02-14-2018 17:33:31 Wire.java DEBUG [Forwarding get on session 349e30d04f7145aaeec1f879658d962b to remote] http.wire 73 - http-outgoing-3 &gt;&gt; &quot;Accept-Encoding: gzip,deflate[\r][\n]&quot;
02-14-2018 17:33:31 Wire.java DEBUG [Forwarding get on session 349e30d04f7145aaeec1f879658d962b to remote] http.wire 73 - http-outgoing-3 &gt;&gt; &quot;[\r][\n]&quot;
02-14-2018 17:33:31 Wire.java DEBUG [Forwarding get on session 349e30d04f7145aaeec1f879658d962b to remote] http.wire 87 - http-outgoing-3 &gt;&gt; &quot;{&quot;url&quot;:&quot;https://google.com&quot;}&quot;
02-14-2018 17:33:38 Wire.java DEBUG [Forwarding get on session 349e30d04f7145aaeec1f879658d962b to remote] http.wire 73 - http-outgoing-3 &lt;&lt; &quot;HTTP/1.1 200 OK[\r][\n]&quot;
02-14-2018 17:33:38 Wire.java DEBUG [Forwarding get on session 349e30d04f7145aaeec1f879658d962b to remote] http.wire 73 - http-outgoing-3 &lt;&lt; &quot;Content-Length:72[\r][\n]&quot;
02-14-2018 17:33:38 Wire.java DEBUG [Forwarding get on session 349e30d04f7145aaeec1f879658d962b to remote] http.wire 73 - http-outgoing-3 &lt;&lt; &quot;Content-Type:application/json; charset=utf-8[\r][\n]&quot;
02-14-2018 17:33:38 Wire.java DEBUG [Forwarding get on session 349e30d04f7145aaeec1f879658d962b to remote] http.wire 73 - http-outgoing-3 &lt;&lt; &quot;Connection:close[\r][\n]&quot;
02-14-2018 17:33:38 Wire.java DEBUG [Forwarding get on session 349e30d04f7145aaeec1f879658d962b to remote] http.wire 73 - http-outgoing-3 &lt;&lt; &quot;[\r][\n]&quot;
02-14-2018 17:33:38 Wire.java DEBUG [Forwarding get on session 349e30d04f7145aaeec1f879658d962b to remote] http.wire 87 - http-outgoing-3 &lt;&lt; &quot;{&quot;sessionId&quot;:&quot;349e30d04f7145aaeec1f879658d962b&quot;,&quot;status&quot;:0,&quot;value&quot;:null}&quot;
02-14-2018 17:33:38 LoggingManagedHttpClientConnection.java DEBUG [Forwarding get on session 349e30d04f7145aaeec1f879658d962b to remote] http.headers 122 - http-outgoing-3 &lt;&lt; HTTP/1.1 200 OK
02-14-2018 17:33:38 LoggingManagedHttpClientConnection.java DEBUG [Forwarding get on session 349e30d04f7145aaeec1f879658d962b to remote] http.headers 125 - http-outgoing-3 &lt;&lt; Content-Length:72
02-14-2018 17:33:38 LoggingManagedHttpClientConnection.java DEBUG [Forwarding get on session 349e30d04f7145aaeec1f879658d962b to remote] http.headers 125 - http-outgoing-3 &lt;&lt; Content-Type:application/json; charset=utf-8
02-14-2018 17:33:38 LoggingManagedHttpClientConnection.java DEBUG [Forwarding get on session 349e30d04f7145aaeec1f879658d962b to remote] http.headers 125 - http-outgoing-3 &lt;&lt; Connection:close
02-14-2018 17:33:38 LoggingManagedHttpClientConnection.java DEBUG [Forwarding get on session 349e30d04f7145aaeec1f879658d962b to remote] conn.DefaultManagedHttpClientConnection 79 - http-outgoing-3: Close connection
02-14-2018 17:33:38 ConnectionHolder.java DEBUG [Forwarding get on session 349e30d04f7145aaeec1f879658d962b to remote] execchain.MainClientExec 104 - Connection discarded
02-14-2018 17:33:38 PoolingHttpClientConnectionManager.java DEBUG [Forwarding get on session 349e30d04f7145aaeec1f879658d962b to remote] conn.PoolingHttpClientConnectionManager 326 - Connection released: [id: 3][route: {}-&gt;http://localhost:48816][total kept alive: 0; route allocated: 0 of 2000; total allocated: 0 of 2000]
02-14-2018 17:33:38 RequestAddCookies.java DEBUG [Forwarding getTitle on session 349e30d04f7145aaeec1f879658d962b to remote] protocol.RequestAddCookies 123 - CookieSpec selected: default
02-14-2018 17:33:38 RequestAuthCache.java DEBUG [Forwarding getTitle on session 349e30d04f7145aaeec1f879658d962b to remote] protocol.RequestAuthCache 77 - Auth cache not set in the context
02-14-2018 17:33:38 PoolingHttpClientConnectionManager.java DEBUG [Forwarding getTitle on session 349e30d04f7145aaeec1f879658d962b to remote] conn.PoolingHttpClientConnectionManager 255 - Connection request: [route: {}-&gt;http://localhost:48816][total kept alive: 0; route allocated: 0 of 2000; total allocated: 0 of 2000]
02-14-2018 17:33:38 PoolingHttpClientConnectionManager.java DEBUG [Forwarding getTitle on session 349e30d04f7145aaeec1f879658d962b to remote] conn.PoolingHttpClientConnectionManager 288 - Connection leased: [id: 4][route: {}-&gt;http://localhost:48816][total kept alive: 0; route allocated: 1 of 2000; total allocated: 1 of 2000]
02-14-2018 17:33:39 MainClientExec.java DEBUG [Forwarding getTitle on session 349e30d04f7145aaeec1f879658d962b to remote] execchain.MainClientExec 235 - Opening connection {}-&gt;http://localhost:48816
02-14-2018 17:33:39 DefaultHttpClientConnectionOperator.java DEBUG [Forwarding getTitle on session 349e30d04f7145aaeec1f879658d962b to remote] conn.DefaultHttpClientConnectionOperator 139 - Connecting to localhost/127.0.0.1:48816
02-14-2018 17:33:39 DefaultHttpClientConnectionOperator.java DEBUG [Forwarding getTitle on session 349e30d04f7145aaeec1f879658d962b to remote] conn.DefaultHttpClientConnectionOperator 146 - Connection established 127.0.0.1:6008&lt;-&gt;127.0.0.1:48816
02-14-2018 17:33:39 LoggingManagedHttpClientConnection.java DEBUG [Forwarding getTitle on session 349e30d04f7145aaeec1f879658d962b to remote] conn.DefaultManagedHttpClientConnection 88 - http-outgoing-4: set socket timeout to 10800000
02-14-2018 17:33:39 MainClientExec.java DEBUG [Forwarding getTitle on session 349e30d04f7145aaeec1f879658d962b to remote] execchain.MainClientExec 256 - Executing request GET /session/349e30d04f7145aaeec1f879658d962b/title HTTP/1.1
02-14-2018 17:33:39 MainClientExec.java DEBUG [Forwarding getTitle on session 349e30d04f7145aaeec1f879658d962b to remote] execchain.MainClientExec 261 - Target auth state: UNCHALLENGED
02-14-2018 17:33:39 MainClientExec.java DEBUG [Forwarding getTitle on session 349e30d04f7145aaeec1f879658d962b to remote] execchain.MainClientExec 267 - Proxy auth state: UNCHALLENGED
02-14-2018 17:33:39 LoggingManagedHttpClientConnection.java DEBUG [Forwarding getTitle on session 349e30d04f7145aaeec1f879658d962b to remote] http.headers 133 - http-outgoing-4 &gt;&gt; GET /session/349e30d04f7145aaeec1f879658d962b/title HTTP/1.1
02-14-2018 17:33:39 LoggingManagedHttpClientConnection.java DEBUG [Forwarding getTitle on session 349e30d04f7145aaeec1f879658d962b to remote] http.headers 136 - http-outgoing-4 &gt;&gt; Cache-Control: no-cache
02-14-2018 17:33:39 LoggingManagedHttpClientConnection.java DEBUG [Forwarding getTitle on session 349e30d04f7145aaeec1f879658d962b to remote] http.headers 136 - http-outgoing-4 &gt;&gt; Host: localhost:48816
02-14-2018 17:33:39 LoggingManagedHttpClientConnection.java DEBUG [Forwarding getTitle on session 349e30d04f7145aaeec1f879658d962b to remote] http.headers 136 - http-outgoing-4 &gt;&gt; Connection: Keep-Alive
02-14-2018 17:33:39 LoggingManagedHttpClientConnection.java DEBUG [Forwarding getTitle on session 349e30d04f7145aaeec1f879658d962b to remote] http.headers 136 - http-outgoing-4 &gt;&gt; User-Agent: Apache-HttpClient/4.5.3 (Java/1.8.0_111)
02-14-2018 17:33:39 LoggingManagedHttpClientConnection.java DEBUG [Forwarding getTitle on session 349e30d04f7145aaeec1f879658d962b to remote] http.headers 136 - http-outgoing-4 &gt;&gt; Accept-Encoding: gzip,deflate
02-14-2018 17:33:39 Wire.java DEBUG [Forwarding getTitle on session 349e30d04f7145aaeec1f879658d962b to remote] http.wire 73 - http-outgoing-4 &gt;&gt; &quot;GET /session/349e30d04f7145aaeec1f879658d962b/title HTTP/1.1[\r][\n]&quot;
02-14-2018 17:33:39 Wire.java DEBUG [Forwarding getTitle on session 349e30d04f7145aaeec1f879658d962b to remote] http.wire 73 - http-outgoing-4 &gt;&gt; &quot;Cache-Control: no-cache[\r][\n]&quot;
02-14-2018 17:33:39 Wire.java DEBUG [Forwarding getTitle on session 349e30d04f7145aaeec1f879658d962b to remote] http.wire 73 - http-outgoing-4 &gt;&gt; &quot;Host: localhost:48816[\r][\n]&quot;
02-14-2018 17:33:39 Wire.java DEBUG [Forwarding getTitle on session 349e30d04f7145aaeec1f879658d962b to remote] http.wire 73 - http-outgoing-4 &gt;&gt; &quot;Connection: Keep-Alive[\r][\n]&quot;
02-14-2018 17:33:39 Wire.java DEBUG [Forwarding getTitle on session 349e30d04f7145aaeec1f879658d962b to remote] http.wire 73 - http-outgoing-4 &gt;&gt; &quot;User-Agent: Apache-HttpClient/4.5.3 (Java/1.8.0_111)[\r][\n]&quot;
02-14-2018 17:33:39 Wire.java DEBUG [Forwarding getTitle on session 349e30d04f7145aaeec1f879658d962b to remote] http.wire 73 - http-outgoing-4 &gt;&gt; &quot;Accept-Encoding: gzip,deflate[\r][\n]&quot;
02-14-2018 17:33:39 Wire.java DEBUG [Forwarding getTitle on session 349e30d04f7145aaeec1f879658d962b to remote] http.wire 73 - http-outgoing-4 &gt;&gt; &quot;[\r][\n]&quot;
02-14-2018 17:33:39 Wire.java DEBUG [Forwarding getTitle on session 349e30d04f7145aaeec1f879658d962b to remote] http.wire 73 - http-outgoing-4 &lt;&lt; &quot;HTTP/1.1 200 OK[\r][\n]&quot;
02-14-2018 17:33:39 Wire.java DEBUG [Forwarding getTitle on session 349e30d04f7145aaeec1f879658d962b to remote] http.wire 73 - http-outgoing-4 &lt;&lt; &quot;Content-Length:76[\r][\n]&quot;
02-14-2018 17:33:39 Wire.java DEBUG [Forwarding getTitle on session 349e30d04f7145aaeec1f879658d962b to remote] http.wire 73 - http-outgoing-4 &lt;&lt; &quot;Content-Type:application/json; charset=utf-8[\r][\n]&quot;
02-14-2018 17:33:39 Wire.java DEBUG [Forwarding getTitle on session 349e30d04f7145aaeec1f879658d962b to remote] http.wire 73 - http-outgoing-4 &lt;&lt; &quot;Connection:close[\r][\n]&quot;
02-14-2018 17:33:39 Wire.java DEBUG [Forwarding getTitle on session 349e30d04f7145aaeec1f879658d962b to remote] http.wire 73 - http-outgoing-4 &lt;&lt; &quot;[\r][\n]&quot;
02-14-2018 17:33:39 Wire.java DEBUG [Forwarding getTitle on session 349e30d04f7145aaeec1f879658d962b to remote] http.wire 87 - http-outgoing-4 &lt;&lt; &quot;{&quot;sessionId&quot;:&quot;349e30d04f7145aaeec1f879658d962b&quot;,&quot;status&quot;:0,&quot;value&quot;:&quot;Google&quot;}&quot;
02-14-2018 17:33:39 LoggingManagedHttpClientConnection.java DEBUG [Forwarding getTitle on session 349e30d04f7145aaeec1f879658d962b to remote] http.headers 122 - http-outgoing-4 &lt;&lt; HTTP/1.1 200 OK
02-14-2018 17:33:39 LoggingManagedHttpClientConnection.java DEBUG [Forwarding getTitle on session 349e30d04f7145aaeec1f879658d962b to remote] http.headers 125 - http-outgoing-4 &lt;&lt; Content-Length:76
02-14-2018 17:33:39 LoggingManagedHttpClientConnection.java DEBUG [Forwarding getTitle on session 349e30d04f7145aaeec1f879658d962b to remote] http.headers 125 - http-outgoing-4 &lt;&lt; Content-Type:application/json; charset=utf-8
02-14-2018 17:33:39 LoggingManagedHttpClientConnection.java DEBUG [Forwarding getTitle on session 349e30d04f7145aaeec1f879658d962b to remote] http.headers 125 - http-outgoing-4 &lt;&lt; Connection:close
02-14-2018 17:33:39 LoggingManagedHttpClientConnection.java DEBUG [Forwarding getTitle on session 349e30d04f7145aaeec1f879658d962b to remote] conn.DefaultManagedHttpClientConnection 79 - http-outgoing-4: Close connection
02-14-2018 17:33:39 ConnectionHolder.java DEBUG [Forwarding getTitle on session 349e30d04f7145aaeec1f879658d962b to remote] execchain.MainClientExec 104 - Connection discarded
02-14-2018 17:33:39 PoolingHttpClientConnectionManager.java DEBUG [Forwarding getTitle on session 349e30d04f7145aaeec1f879658d962b to remote] conn.PoolingHttpClientConnectionManager 326 - Connection released: [id: 4][route: {}-&gt;http://localhost:48816][total kept alive: 0; route allocated: 0 of 2000; total allocated: 0 of 2000]
</system-out>
  </testcase>
</testsuite>