<?xml version="1.0" encoding="UTF-8"?>
<testng-results skipped="0" failed="0" ignored="0" total="1" passed="1">
  <reporter-output>
  </reporter-output>
  <suite name="Suite" duration-ms="22786" started-at="2018-01-26T13:21:34Z" finished-at="2018-01-26T13:21:57Z">
    <groups>
    </groups>
    <test name="Test" duration-ms="22786" started-at="2018-01-26T13:21:34Z" finished-at="2018-01-26T13:21:57Z">
      <class name="example.NewTest">
        <test-method status="PASS" signature="beforeTest()[pri:0, instance:example.NewTest@28d25987]" name="beforeTest" is-config="true" duration-ms="14581" started-at="2018-01-26T18:51:34Z" finished-at="2018-01-26T18:51:49Z">
          <reporter-output>
          </reporter-output>
        </test-method> <!-- beforeTest -->
        <test-method status="PASS" signature="f()[pri:0, instance:example.NewTest@28d25987]" name="f" duration-ms="7217" started-at="2018-01-26T18:51:49Z" finished-at="2018-01-26T18:51:56Z">
          <reporter-output>
          </reporter-output>
        </test-method> <!-- f -->
        <test-method status="PASS" signature="afterTest()[pri:0, instance:example.NewTest@28d25987]" name="afterTest" is-config="true" duration-ms="824" started-at="2018-01-26T18:51:56Z" finished-at="2018-01-26T18:51:57Z">
          <reporter-output>
          </reporter-output>
        </test-method> <!-- afterTest -->
      </class> <!-- example.NewTest -->
    </test> <!-- Test -->
  </suite> <!-- Suite -->
</testng-results>
